\BOOKMARK [1][-]{section.1}{\376\377\000A\000\040\000q\000u\000i\000c\000k\000\040\000i\000n\000t\000r\000o\000d\000u\000c\000t\000i\000o\000n\000\040\000t\000o\000\040\000b\000a\000s\000i\000c\000\040\000P\000y\000t\000h\000o\000n}{}% 1
\BOOKMARK [2][-]{subsection.1.1}{\376\377\000R\000u\000n\000n\000i\000n\000g\000\040\000P\000y\000t\000h\000o\000n\000\040\000c\000o\000d\000e}{section.1}% 2
\BOOKMARK [3][-]{subsubsection.1.1.1}{\376\377\000A\000\040\000q\000u\000i\000c\000k\000\040\000n\000o\000t\000e\000\040\000o\000n\000\040\000t\000e\000x\000t\000\040\000e\000d\000i\000t\000o\000r\000s}{subsection.1.1}% 3
\BOOKMARK [3][-]{subsubsection.1.1.2}{\376\377\000J\000u\000p\000y\000t\000e\000r\000\040\000N\000o\000t\000e\000b\000o\000o\000k\000s}{subsection.1.1}% 4
\BOOKMARK [2][-]{subsection.1.2}{\376\377\000V\000a\000r\000i\000a\000b\000l\000e\000s\000\040\000a\000n\000d\000\040\000t\000y\000p\000e\000s}{section.1}% 5
\BOOKMARK [2][-]{subsection.1.3}{\376\377\000U\000s\000e\000r\000\040\000i\000n\000p\000u\000t}{section.1}% 6
\BOOKMARK [2][-]{subsection.1.4}{\376\377\000P\000r\000i\000n\000t\000i\000n\000g\000\040\000a\000n\000d\000\040\000s\000t\000r\000i\000n\000g\000s}{section.1}% 7
\BOOKMARK [2][-]{subsection.1.5}{\376\377\000F\000u\000n\000c\000t\000i\000o\000n\000s}{section.1}% 8
\BOOKMARK [2][-]{subsection.1.6}{\376\377\000C\000o\000m\000p\000o\000u\000n\000d\000\040\000t\000y\000p\000e\000s}{section.1}% 9
\BOOKMARK [3][-]{subsubsection.1.6.1}{\376\377\000L\000i\000s\000t\000s\000\040\000a\000n\000d\000\040\000t\000u\000p\000l\000e\000s}{subsection.1.6}% 10
\BOOKMARK [3][-]{subsubsection.1.6.2}{\376\377\000D\000i\000c\000t\000i\000o\000n\000a\000r\000i\000e\000s}{subsection.1.6}% 11
\BOOKMARK [2][-]{subsection.1.7}{\376\377\000C\000o\000n\000t\000r\000o\000l\000\040\000f\000l\000o\000w}{section.1}% 12
\BOOKMARK [3][-]{subsubsection.1.7.1}{\376\377\000i\000f\000-\000e\000l\000i\000f\000-\000e\000l\000s\000e}{subsection.1.7}% 13
\BOOKMARK [3][-]{subsubsection.1.7.2}{\376\377\000m\000a\000t\000c\000h}{subsection.1.7}% 14
\BOOKMARK [2][-]{subsection.1.8}{\376\377\000L\000o\000o\000p\000s}{section.1}% 15
\BOOKMARK [2][-]{subsection.1.9}{\376\377\000U\000s\000i\000n\000g\000\040\000e\000x\000t\000e\000r\000n\000a\000l\000\040\000m\000o\000d\000u\000l\000e\000s}{section.1}% 16
\BOOKMARK [1][-]{section.2}{\376\377\000N\000u\000m\000P\000y\000,\000\040\000S\000c\000i\000P\000y\000,\000\040\000a\000n\000d\000\040\000m\000a\000t\000p\000l\000o\000t\000l\000i\000b}{}% 17
\BOOKMARK [2][-]{subsection.2.1}{\376\377\000n\000u\000m\000p\000y}{section.2}% 18
\BOOKMARK [3][-]{subsubsection.2.1.1}{\376\377\000B\000a\000s\000i\000c\000\040\000m\000e\000a\000s\000u\000r\000e\000s\000\040\000a\000n\000d\000\040\000o\000p\000e\000r\000a\000t\000i\000o\000n\000s\000\040\000w\000i\000t\000h\000\040\000t\000h\000e\000\040\000a\000r\000r\000a\000y\000s}{subsection.2.1}% 19
\BOOKMARK [3][-]{subsubsection.2.1.2}{\376\377\000F\000i\000l\000e\000\040\000I\000/\000O}{subsection.2.1}% 20
\BOOKMARK [2][-]{subsection.2.2}{\376\377\000m\000a\000t\000p\000l\000o\000t\000l\000i\000b}{section.2}% 21
\BOOKMARK [3][-]{subsubsection.2.2.1}{\376\377\000R\000e\000v\000i\000e\000w\000\040\000o\000f\000\040\000b\000a\000s\000i\000c\000\040\000p\000l\000o\000t\000t\000i\000n\000g\000\040\000c\000o\000m\000m\000a\000n\000d\000s}{subsection.2.2}% 22
\BOOKMARK [1][-]{section.3}{\376\377\000L\000e\000a\000s\000t\000\040\000s\000q\000u\000a\000r\000e\000s\000\040\000f\000i\000t\000t\000i\000n\000g\000\040\000a\000n\000d\000\040\000i\000n\000t\000e\000r\000p\000o\000l\000a\000t\000i\000o\000n}{}% 23
\BOOKMARK [2][-]{subsection.3.1}{\376\377\000P\000o\000l\000y\000n\000o\000m\000i\000a\000l\000\040\000f\000i\000t\000t\000i\000n\000g\000.}{section.3}% 24
\BOOKMARK [2][-]{subsection.3.2}{\376\377\000N\000o\000n\000-\000l\000i\000n\000e\000a\000r\000\040\000c\000u\000r\000v\000e\000\040\000f\000i\000t\000t\000i\000n\000g}{section.3}% 25
\BOOKMARK [1][-]{section.4}{\376\377\000D\000i\000g\000i\000t\000a\000l\000\040\000s\000i\000g\000n\000a\000l\000\040\000p\000r\000o\000c\000e\000s\000s\000i\000n\000g}{}% 26
\BOOKMARK [2][-]{subsection.4.1}{\376\377\000D\000i\000g\000i\000t\000a\000l\000\040\000r\000e\000p\000r\000e\000s\000e\000n\000t\000a\000t\000i\000o\000n\000\040\000o\000f\000\040\000a\000\040\000c\000o\000n\000t\000i\000n\000u\000o\000u\000s\000\040\000s\000i\000g\000n\000a\000l}{section.4}% 27
\BOOKMARK [2][-]{subsection.4.2}{\376\377\000S\000p\000e\000c\000t\000r\000a\000l\000\040\000a\000n\000a\000l\000y\000s\000i\000s}{section.4}% 28
\BOOKMARK [2][-]{subsection.4.3}{\376\377\000F\000i\000l\000t\000e\000r\000s}{section.4}% 29
\BOOKMARK [2][-]{subsection.4.4}{\376\377\000I\000n\000t\000e\000r\000p\000o\000l\000a\000t\000i\000o\000n\000\040\000a\000n\000d\000\040\000s\000m\000o\000o\000t\000h\000i\000n\000g\000.}{section.4}% 30
\BOOKMARK [1][-]{section.5}{\376\377\000C\000o\000m\000m\000u\000n\000i\000c\000a\000t\000i\000o\000n\000\040\000w\000i\000t\000h\000\040\000i\000n\000s\000t\000r\000u\000m\000e\000n\000t\000s}{}% 31
\BOOKMARK [2][-]{subsection.5.1}{\376\377\000C\000o\000n\000t\000e\000x\000t\000\040\000M\000a\000n\000a\000g\000e\000m\000e\000n\000t\000\040\000P\000r\000o\000t\000o\000c\000o\000l}{section.5}% 32
\BOOKMARK [2][-]{subsection.5.2}{\376\377\000T\000r\000o\000u\000b\000l\000e\000s\000h\000o\000o\000t\000i\000n\000g\000\040\000c\000o\000m\000m\000o\000n\000\040\000i\000s\000s\000u\000e\000s}{section.5}% 33
\BOOKMARK [1][-]{section.6}{\376\377\000P\000a\000r\000a\000l\000l\000e\000l\000\040\000E\000x\000e\000c\000u\000t\000i\000o\000n}{}% 34
\BOOKMARK [2][-]{subsection.6.1}{\376\377\000M\000u\000l\000t\000i\000t\000h\000r\000e\000a\000d\000i\000n\000g}{section.6}% 35
\BOOKMARK [2][-]{subsection.6.2}{\376\377\000M\000u\000l\000t\000i\000p\000r\000o\000c\000e\000s\000s\000i\000n\000g}{section.6}% 36
\BOOKMARK [2][-]{subsection.6.3}{\376\377\000I\000n\000t\000e\000r\000-\000p\000r\000o\000c\000e\000s\000s\000\040\000C\000o\000m\000m\000u\000n\000i\000c\000a\000t\000i\000o\000n}{section.6}% 37
\BOOKMARK [3][-]{subsubsection.6.3.1}{\376\377\000R\000e\000a\000l\000\040\000u\000s\000e\000\040\000c\000a\000s\000e\000\040\000i\000n\000\040\000a\000\040\000l\000a\000b}{subsection.6.3}% 38
\BOOKMARK [1][-]{section.7}{\376\377\000S\000o\000l\000u\000t\000i\000o\000n\000s\000\040\000o\000f\000\040\000d\000i\000f\000f\000e\000r\000e\000n\000t\000i\000a\000l\000\040\000e\000q\000u\000a\000t\000i\000o\000n\000s}{}% 39
\BOOKMARK [2][-]{subsection.7.1}{\376\377\000I\000n\000i\000t\000i\000a\000l\000\040\000v\000a\000l\000u\000e\000\040\000p\000r\000o\000b\000l\000e\000m\000s}{section.7}% 40
\BOOKMARK [2][-]{subsection.7.2}{\376\377\000B\000o\000u\000n\000d\000a\000r\000y\000\040\000v\000a\000l\000u\000e\000\040\000p\000r\000o\000b\000l\000e\000m\000s}{section.7}% 41
\BOOKMARK [1][-]{section.8}{\376\377\000W\000h\000a\000t\000\040\000d\000i\000d\000n\000'\000t\000\040\000f\000i\000t}{}% 42
\BOOKMARK [2][-]{subsection.8.1}{\376\377\000P\000I\000D\000\040\000a\000l\000g\000o\000r\000i\000t\000h\000m}{section.8}% 43
\BOOKMARK [2][-]{subsection.8.2}{\376\377\000S\000y\000m\000b\000o\000l\000i\000c\000\040\000m\000a\000t\000h\000e\000m\000a\000t\000i\000c\000s}{section.8}% 44
\BOOKMARK [2][-]{subsection.8.3}{\376\377\000R\000u\000n\000n\000i\000n\000g\000\040\000f\000a\000s\000t}{section.8}% 45
\BOOKMARK [1][-]{appendix.A}{\376\377\000L\000i\000n\000e\000a\000r\000\040\000H\000a\000r\000m\000o\000n\000i\000c\000\040\000O\000s\000c\000i\000l\000l\000a\000t\000o\000r}{}% 46
\BOOKMARK [1][-]{appendix.B}{\376\377\000S\000e\000t\000t\000i\000n\000g\000\040\000u\000p\000\040\000c\000o\000m\000m\000u\000n\000i\000c\000a\000t\000i\000o\000n\000\040\000w\000i\000t\000h\000\040\000i\000n\000s\000t\000r\000u\000m\000e\000n\000t\000s}{}% 47
\BOOKMARK [2][-]{subsection.B.1}{\376\377\000S\000u\000p\000p\000o\000r\000t\000e\000d\000\040\000c\000o\000m\000m\000a\000n\000d\000s}{appendix.B}% 48
\BOOKMARK [2][-]{subsection.B.2}{\376\377\000H\000a\000c\000k\000i\000n\000g\000\040\000t\000h\000e\000\040\000f\000i\000r\000m\000w\000a\000r\000e}{appendix.B}% 49
